Pseudo-terminal will not be allocated because stdin is not a terminal.
Welcome to Ubuntu 12.04.5 LTS (GNU/Linux 3.2.0-87-generic x86_64)

 * Documentation:  https://help.ubuntu.com/



 * This is node ukko064 of CS Department\'s high performance cluster Ukko.
 * For documentaiton see: 
 * https://www.cs.helsinki.fi/en/compfac/high-performance-cluster-ukko

 * Please, keep Ukko cluster clean! Do not leave old files on /cs/work
 * or /cs/taatto file system and remember to shutdown all old sessions 
 * and processes.
 
 * The /cs/work file system is NOT for archiving old files and results!
 * Files in /cs/taatto/scratch will be removed after 60 days of no access.
 * Files in /cs/ramdisk will be removed after 2 days of no access.
 
 * /cs/taatto is FULL and WILL GO AWAY. Please move your files to 
 * /cs/work/scratch
 
Pseudo-terminal will not be allocated because stdin is not a terminal.
Welcome to Ubuntu 12.04.5 LTS (GNU/Linux 3.2.0-77-generic x86_64)

 * Documentation:  https://help.ubuntu.com/



 * This is node ukko066 of CS Department\'s high performance cluster Ukko.
 * For documentaiton see: 
 * https://www.cs.helsinki.fi/en/compfac/high-performance-cluster-ukko

 * Please, keep Ukko cluster clean! Do not leave old files on /cs/work
 * or /cs/taatto file system and remember to shutdown all old sessions 
 * and processes.
 
 * The /cs/work file system is NOT for archiving old files and results!
 * Files in /cs/taatto/scratch will be removed after 60 days of no access.
 * Files in /cs/ramdisk will be removed after 2 days of no access.
 
 * /cs/taatto is FULL and WILL GO AWAY. Please move your files to 
 * /cs/work/scratch
 
Pseudo-terminal will not be allocated because stdin is not a terminal.
Welcome to Ubuntu 12.04.5 LTS (GNU/Linux 3.2.0-74-generic x86_64)

 * Documentation:  https://help.ubuntu.com/



 * This is node ukko067 of CS Department\'s high performance cluster Ukko.
 * For documentaiton see: 
 * https://www.cs.helsinki.fi/en/compfac/high-performance-cluster-ukko

 * Please, keep Ukko cluster clean! Do not leave old files on /cs/work
 * or /cs/taatto file system and remember to shutdown all old sessions 
 * and processes.
 
 * The /cs/work file system is NOT for archiving old files and results!
 * Files in /cs/taatto/scratch will be removed after 60 days of no access.
 * Files in /cs/ramdisk will be removed after 2 days of no access.
 
 * /cs/taatto is FULL and WILL GO AWAY. Please move your files to 
 * /cs/work/scratch
 
Pseudo-terminal will not be allocated because stdin is not a terminal.
Welcome to Ubuntu 12.04.5 LTS (GNU/Linux 3.2.0-80-generic x86_64)

 * Documentation:  https://help.ubuntu.com/



 * This is node ukko057 of CS Department\'s high performance cluster Ukko.
 * For documentaiton see: 
 * https://www.cs.helsinki.fi/en/compfac/high-performance-cluster-ukko

 * Please, keep Ukko cluster clean! Do not leave old files on /cs/work
 * or /cs/taatto file system and remember to shutdown all old sessions 
 * and processes.
 
 * The /cs/work file system is NOT for archiving old files and results!
 * Files in /cs/taatto/scratch will be removed after 60 days of no access.
 * Files in /cs/ramdisk will be removed after 2 days of no access.
 
 * /cs/taatto is FULL and WILL GO AWAY. Please move your files to 
 * /cs/work/scratch
 
Pseudo-terminal will not be allocated because stdin is not a terminal.
Welcome to Ubuntu 12.04.5 LTS (GNU/Linux 3.2.0-88-generic x86_64)

 * Documentation:  https://help.ubuntu.com/



 * This is node ukko046 of CS Department\'s high performance cluster Ukko.
 * For documentaiton see: 
 * https://www.cs.helsinki.fi/en/compfac/high-performance-cluster-ukko

 * Please, keep Ukko cluster clean! Do not leave old files on /cs/work
 * or /cs/taatto file system and remember to shutdown all old sessions 
 * and processes.
 
 * The /cs/work file system is NOT for archiving old files and results!
 * Files in /cs/taatto/scratch will be removed after 60 days of no access.
 * Files in /cs/ramdisk will be removed after 2 days of no access.
 
 * /cs/taatto is FULL and WILL GO AWAY. Please move your files to 
 * /cs/work/scratch
 
Pseudo-terminal will not be allocated because stdin is not a terminal.
Welcome to Ubuntu 12.04.5 LTS (GNU/Linux 3.2.0-74-generic x86_64)

 * Documentation:  https://help.ubuntu.com/



 * This is node ukko074 of CS Department\'s high performance cluster Ukko.
 * For documentaiton see: 
 * https://www.cs.helsinki.fi/en/compfac/high-performance-cluster-ukko

 * Please, keep Ukko cluster clean! Do not leave old files on /cs/work
 * or /cs/taatto file system and remember to shutdown all old sessions 
 * and processes.
 
 * The /cs/work file system is NOT for archiving old files and results!
 * Files in /cs/taatto/scratch will be removed after 60 days of no access.
 * Files in /cs/ramdisk will be removed after 2 days of no access.
 
 * /cs/taatto is FULL and WILL GO AWAY. Please move your files to 
 * /cs/work/scratch
 
Pseudo-terminal will not be allocated because stdin is not a terminal.
Welcome to Ubuntu 12.04.5 LTS (GNU/Linux 3.2.0-88-generic x86_64)

 * Documentation:  https://help.ubuntu.com/



 * This is node ukko076 of CS Department\'s high performance cluster Ukko.
 * For documentaiton see: 
 * https://www.cs.helsinki.fi/en/compfac/high-performance-cluster-ukko

 * Please, keep Ukko cluster clean! Do not leave old files on /cs/work
 * or /cs/taatto file system and remember to shutdown all old sessions 
 * and processes.
 
 * The /cs/work file system is NOT for archiving old files and results!
 * Files in /cs/taatto/scratch will be removed after 60 days of no access.
 * Files in /cs/ramdisk will be removed after 2 days of no access.
 
 * /cs/taatto is FULL and WILL GO AWAY. Please move your files to 
 * /cs/work/scratch
 
Pseudo-terminal will not be allocated because stdin is not a terminal.
Welcome to Ubuntu 12.04.5 LTS (GNU/Linux 3.2.0-77-generic x86_64)

 * Documentation:  https://help.ubuntu.com/



 * This is node ukko078 of CS Department\'s high performance cluster Ukko.
 * For documentaiton see: 
 * https://www.cs.helsinki.fi/en/compfac/high-performance-cluster-ukko

 * Please, keep Ukko cluster clean! Do not leave old files on /cs/work
 * or /cs/taatto file system and remember to shutdown all old sessions 
 * and processes.
 
 * The /cs/work file system is NOT for archiving old files and results!
 * Files in /cs/taatto/scratch will be removed after 60 days of no access.
 * Files in /cs/ramdisk will be removed after 2 days of no access.
 
 * /cs/taatto is FULL and WILL GO AWAY. Please move your files to 
 * /cs/work/scratch
 
Pseudo-terminal will not be allocated because stdin is not a terminal.
Welcome to Ubuntu 12.04.5 LTS (GNU/Linux 3.2.0-77-generic x86_64)

 * Documentation:  https://help.ubuntu.com/


/cs/fs/home/joeniemi/.rbenv/libexec/rbenv-init: line 92: cannot create temp file for here-document: No space left on device
Pseudo-terminal will not be allocated because stdin is not a terminal.
Welcome to Ubuntu 12.04.5 LTS (GNU/Linux 3.2.0-80-generic x86_64)

 * Documentation:  https://help.ubuntu.com/



 * This is node ukko127 of CS Department\'s high performance cluster Ukko.
 * For documentaiton see: 
 * https://www.cs.helsinki.fi/en/compfac/high-performance-cluster-ukko

 * Please, keep Ukko cluster clean! Do not leave old files on /cs/work
 * or /cs/taatto file system and remember to shutdown all old sessions 
 * and processes.
 
 * The /cs/work file system is NOT for archiving old files and results!
 * Files in /cs/taatto/scratch will be removed after 60 days of no access.
 * Files in /cs/ramdisk will be removed after 2 days of no access.
 
 * /cs/taatto is FULL and WILL GO AWAY. Please move your files to 
 * /cs/work/scratch
 
Pseudo-terminal will not be allocated because stdin is not a terminal.
Welcome to Ubuntu 12.04.5 LTS (GNU/Linux 3.2.0-87-generic x86_64)

 * Documentation:  https://help.ubuntu.com/



 * This is node ukko064 of CS Department\'s high performance cluster Ukko.
 * For documentaiton see: 
 * https://www.cs.helsinki.fi/en/compfac/high-performance-cluster-ukko

 * Please, keep Ukko cluster clean! Do not leave old files on /cs/work
 * or /cs/taatto file system and remember to shutdown all old sessions 
 * and processes.
 
 * The /cs/work file system is NOT for archiving old files and results!
 * Files in /cs/taatto/scratch will be removed after 60 days of no access.
 * Files in /cs/ramdisk will be removed after 2 days of no access.
 
 * /cs/taatto is FULL and WILL GO AWAY. Please move your files to 
 * /cs/work/scratch
 
Pseudo-terminal will not be allocated because stdin is not a terminal.
